This file contains any messages produced by compilers while
running configure, to aid debugging if configure makes a mistake.

It was created by configure, which was
generated by GNU Autoconf 2.69.  Invocation command line was

  $ ./configure --no-create --no-recursion

## --------- ##
## Platform. ##
## --------- ##

hostname = centos6
uname -m = x86_64
uname -r = 2.6.32-431.el6.x86_64
uname -s = Linux
uname -v = #1 SMP Fri Nov 22 03:15:09 UTC 2013

/usr/bin/uname -p = unknown
/bin/uname -X     = unknown

/bin/arch              = x86_64
/usr/bin/arch -k       = unknown
/usr/convex/getsysinfo = unknown
/usr/bin/hostinfo      = unknown
/bin/machine           = unknown
/usr/bin/oslevel       = unknown
/bin/universe          = unknown

PATH: /usr/local/sbin
PATH: /usr/local/bin
PATH: /sbin
PATH: /bin
PATH: /usr/sbin
PATH: /usr/bin
PATH: /root/bin


## ----------- ##
## Core tests. ##
## ----------- ##

configure:2300: checking for a BSD-compatible install
configure:2368: result: /usr/bin/install -c
configure:2379: checking whether build environment is sane
configure:2429: result: yes
configure:2570: checking for a thread-safe mkdir -p
configure:2609: result: /bin/mkdir -p
configure:2622: checking for gawk
configure:2638: found /bin/gawk
configure:2649: result: gawk
configure:2660: checking whether make sets $(MAKE)
configure:2682: result: yes
configure:2878: checking for g++
configure:2894: found /usr/bin/g++
configure:2905: result: g++
configure:2932: checking for C++ compiler version
configure:2941: g++ --version >&5
g++ (GCC) 4.4.7 20120313 (Red Hat 4.4.7-4)
Copyright (C) 2010 Free Software Foundation, Inc.
This is free software; see the source for copying conditions.  There is NO
warranty; not even for MERCHANTABILITY or FITNESS FOR A PARTICULAR PURPOSE.

configure:2952: $? = 0
configure:2941: g++ -v >&5
Using built-in specs.
Target: x86_64-redhat-linux
Configured with: ../configure --prefix=/usr --mandir=/usr/share/man --infodir=/usr/share/info --with-bugurl=http://bugzilla.redhat.com/bugzilla --enable-bootstrap --enable-shared --enable-threads=posix --enable-checking=release --with-system-zlib --enable-__cxa_atexit --disable-libunwind-exceptions --enable-gnu-unique-object --enable-languages=c,c++,objc,obj-c++,java,fortran,ada --enable-java-awt=gtk --disable-dssi --with-java-home=/usr/lib/jvm/java-1.5.0-gcj-1.5.0.0/jre --enable-libgcj-multifile --enable-java-maintainer-mode --with-ecj-jar=/usr/share/java/eclipse-ecj.jar --disable-libjava-multilib --with-ppl --with-cloog --with-tune=generic --with-arch_32=i686 --build=x86_64-redhat-linux
Thread model: posix
gcc version 4.4.7 20120313 (Red Hat 4.4.7-4) (GCC) 
configure:2952: $? = 0
configure:2941: g++ -V >&5
g++: '-V' option must have argument
configure:2952: $? = 1
configure:2941: g++ -qversion >&5
g++: unrecognized option '-qversion'
g++: no input files
configure:2952: $? = 1
configure:2972: checking whether the C++ compiler works
configure:2994: g++    conftest.cpp  >&5
configure:2998: $? = 0
configure:3046: result: yes
configure:3049: checking for C++ compiler default output file name
configure:3051: result: a.out
configure:3057: checking for suffix of executables
configure:3064: g++ -o conftest    conftest.cpp  >&5
configure:3068: $? = 0
configure:3090: result: 
configure:3112: checking whether we are cross compiling
configure:3120: g++ -o conftest    conftest.cpp  >&5
configure:3124: $? = 0
configure:3131: ./conftest
configure:3135: $? = 0
configure:3150: result: no
configure:3155: checking for suffix of object files
configure:3177: g++ -c   conftest.cpp >&5
configure:3181: $? = 0
configure:3202: result: o
configure:3206: checking whether we are using the GNU C++ compiler
configure:3225: g++ -c   conftest.cpp >&5
configure:3225: $? = 0
configure:3234: result: yes
configure:3243: checking whether g++ accepts -g
configure:3263: g++ -c -g  conftest.cpp >&5
configure:3263: $? = 0
configure:3304: result: yes
configure:3338: checking for style of include used by make
configure:3366: result: GNU
configure:3391: checking dependency style of g++
configure:3501: result: gcc3
configure:3564: checking for gcc
configure:3580: found /usr/bin/gcc
configure:3591: result: gcc
configure:3820: checking for C compiler version
configure:3829: gcc --version >&5
gcc (GCC) 4.4.7 20120313 (Red Hat 4.4.7-4)
Copyright (C) 2010 Free Software Foundation, Inc.
This is free software; see the source for copying conditions.  There is NO
warranty; not even for MERCHANTABILITY or FITNESS FOR A PARTICULAR PURPOSE.

configure:3840: $? = 0
configure:3829: gcc -v >&5
Using built-in specs.
Target: x86_64-redhat-linux
Configured with: ../configure --prefix=/usr --mandir=/usr/share/man --infodir=/usr/share/info --with-bugurl=http://bugzilla.redhat.com/bugzilla --enable-bootstrap --enable-shared --enable-threads=posix --enable-checking=release --with-system-zlib --enable-__cxa_atexit --disable-libunwind-exceptions --enable-gnu-unique-object --enable-languages=c,c++,objc,obj-c++,java,fortran,ada --enable-java-awt=gtk --disable-dssi --with-java-home=/usr/lib/jvm/java-1.5.0-gcj-1.5.0.0/jre --enable-libgcj-multifile --enable-java-maintainer-mode --with-ecj-jar=/usr/share/java/eclipse-ecj.jar --disable-libjava-multilib --with-ppl --with-cloog --with-tune=generic --with-arch_32=i686 --build=x86_64-redhat-linux
Thread model: posix
gcc version 4.4.7 20120313 (Red Hat 4.4.7-4) (GCC) 
configure:3840: $? = 0
configure:3829: gcc -V >&5
gcc: '-V' option must have argument
configure:3840: $? = 1
configure:3829: gcc -qversion >&5
gcc: unrecognized option '-qversion'
gcc: no input files
configure:3840: $? = 1
configure:3844: checking whether we are using the GNU C compiler
configure:3863: gcc -c   conftest.c >&5
configure:3863: $? = 0
configure:3872: result: yes
configure:3881: checking whether gcc accepts -g
configure:3901: gcc -c -g  conftest.c >&5
configure:3901: $? = 0
configure:3942: result: yes
configure:3959: checking for gcc option to accept ISO C89
configure:4022: gcc  -c -g -O2  conftest.c >&5
configure:4022: $? = 0
configure:4035: result: none needed
configure:4057: checking dependency style of gcc
configure:4167: result: gcc3
configure:4186: checking for gawk
configure:4213: result: gawk
configure:4227: checking whether gcc and cc understand -c and -o together
configure:4258: gcc -c conftest.cpp -o conftest2.o >&5
configure:4262: $? = 0
configure:4268: gcc -c conftest.cpp -o conftest2.o >&5
configure:4272: $? = 0
configure:4283: cc -c conftest.cpp >&5
configure:4287: $? = 0
configure:4295: cc -c conftest.cpp -o conftest2.o >&5
configure:4299: $? = 0
configure:4305: cc -c conftest.cpp -o conftest2.o >&5
configure:4309: $? = 0
configure:4327: result: yes
configure:4360: checking for ERR_error_string
configure:4360: g++ -o conftest -g -O2   conftest.cpp  >&5
/tmp/ccytaT6A.o: In function `main':
/opt/code/c/ip-scanner-0.0.1/conftest.cpp:52: undefined reference to `ERR_error_string'
collect2: ld returned 1 exit status
configure:4360: $? = 1
configure: failed program was:
| /* confdefs.h */
| #define PACKAGE_NAME ""
| #define PACKAGE_TARNAME ""
| #define PACKAGE_VERSION ""
| #define PACKAGE_STRING ""
| #define PACKAGE_BUGREPORT ""
| #define PACKAGE_URL ""
| #define PACKAGE "ipscan"
| #define VERSION "0.0.1"
| #define MAJOR_VERSION 0
| #define MINOR_VERSION 0
| #define MICRO_VERSION 1
| #define REL 1
| #define VERSION_FULL "0.0.1-1"
| #define HOST_OS ""
| #define CPU_VENDOR_OS ""
| /* end confdefs.h.  */
| /* Define ERR_error_string to an innocuous variant, in case <limits.h> declares ERR_error_string.
|    For example, HP-UX 11i <limits.h> declares gettimeofday.  */
| #define ERR_error_string innocuous_ERR_error_string
| 
| /* System header to define __stub macros and hopefully few prototypes,
|     which can conflict with char ERR_error_string (); below.
|     Prefer <limits.h> to <assert.h> if __STDC__ is defined, since
|     <limits.h> exists even on freestanding compilers.  */
| 
| #ifdef __STDC__
| # include <limits.h>
| #else
| # include <assert.h>
| #endif
| 
| #undef ERR_error_string
| 
| /* Override any GCC internal prototype to avoid an error.
|    Use char because int might match the return type of a GCC
|    builtin and then its argument prototype would still apply.  */
| #ifdef __cplusplus
| extern "C"
| #endif
| char ERR_error_string ();
| /* The GNU C library defines this for functions which it implements
|     to always fail with ENOSYS.  Some functions are actually named
|     something starting with __ and the normal name is an alias.  */
| #if defined __stub_ERR_error_string || defined __stub___ERR_error_string
| choke me
| #endif
| 
| int
| main ()
| {
| return ERR_error_string ();
|   ;
|   return 0;
| }
configure:4360: result: no
configure:4371: checking for ERR_print_errors_fp
configure:4371: g++ -o conftest -g -O2   conftest.cpp  >&5
/tmp/cc5kZoUH.o: In function `main':
/opt/code/c/ip-scanner-0.0.1/conftest.cpp:52: undefined reference to `ERR_print_errors_fp'
collect2: ld returned 1 exit status
configure:4371: $? = 1
configure: failed program was:
| /* confdefs.h */
| #define PACKAGE_NAME ""
| #define PACKAGE_TARNAME ""
| #define PACKAGE_VERSION ""
| #define PACKAGE_STRING ""
| #define PACKAGE_BUGREPORT ""
| #define PACKAGE_URL ""
| #define PACKAGE "ipscan"
| #define VERSION "0.0.1"
| #define MAJOR_VERSION 0
| #define MINOR_VERSION 0
| #define MICRO_VERSION 1
| #define REL 1
| #define VERSION_FULL "0.0.1-1"
| #define HOST_OS ""
| #define CPU_VENDOR_OS ""
| /* end confdefs.h.  */
| /* Define ERR_print_errors_fp to an innocuous variant, in case <limits.h> declares ERR_print_errors_fp.
|    For example, HP-UX 11i <limits.h> declares gettimeofday.  */
| #define ERR_print_errors_fp innocuous_ERR_print_errors_fp
| 
| /* System header to define __stub macros and hopefully few prototypes,
|     which can conflict with char ERR_print_errors_fp (); below.
|     Prefer <limits.h> to <assert.h> if __STDC__ is defined, since
|     <limits.h> exists even on freestanding compilers.  */
| 
| #ifdef __STDC__
| # include <limits.h>
| #else
| # include <assert.h>
| #endif
| 
| #undef ERR_print_errors_fp
| 
| /* Override any GCC internal prototype to avoid an error.
|    Use char because int might match the return type of a GCC
|    builtin and then its argument prototype would still apply.  */
| #ifdef __cplusplus
| extern "C"
| #endif
| char ERR_print_errors_fp ();
| /* The GNU C library defines this for functions which it implements
|     to always fail with ENOSYS.  Some functions are actually named
|     something starting with __ and the normal name is an alias.  */
| #if defined __stub_ERR_print_errors_fp || defined __stub___ERR_print_errors_fp
| choke me
| #endif
| 
| int
| main ()
| {
| return ERR_print_errors_fp ();
|   ;
|   return 0;
| }
configure:4371: result: no
configure:4382: checking for close
configure:4382: g++ -o conftest -g -O2   conftest.cpp  >&5
configure:4382: $? = 0
configure:4382: result: yes
configure:4393: checking for closedir
configure:4393: g++ -o conftest -g -O2   conftest.cpp  >&5
configure:4393: $? = 0
configure:4393: result: yes
configure:4404: checking for fopen
configure:4404: g++ -o conftest -g -O2   conftest.cpp  >&5
configure:4404: $? = 0
configure:4404: result: yes
configure:4415: checking for fork
configure:4415: g++ -o conftest -g -O2   conftest.cpp  >&5
configure:4415: $? = 0
configure:4415: result: yes
configure:4426: checking for fread
configure:4426: g++ -o conftest -g -O2   conftest.cpp  >&5
configure:4426: $? = 0
configure:4426: result: yes
configure:4437: checking for fwrite
configure:4437: g++ -o conftest -g -O2   conftest.cpp  >&5
configure:4437: $? = 0
configure:4437: result: yes
configure:4448: checking for getgrnam
configure:4448: g++ -o conftest -g -O2   conftest.cpp  >&5
configure:4448: $? = 0
configure:4448: result: yes
configure:4459: checking for gethostbyname
configure:4459: g++ -o conftest -g -O2   conftest.cpp  >&5
configure:4459: $? = 0
configure:4459: result: yes
configure:4470: checking for getprotobyname
configure:4470: g++ -o conftest -g -O2   conftest.cpp  >&5
configure:4470: $? = 0
configure:4470: result: yes
configure:4481: checking for inet_pton
configure:4481: g++ -o conftest -g -O2   conftest.cpp  >&5
configure:4481: $? = 0
configure:4481: result: yes
configure:4492: checking for malloc
configure:4492: g++ -o conftest -g -O2   conftest.cpp  >&5
configure:4492: $? = 0
configure:4492: result: yes
configure:4503: checking for memset
configure:4503: g++ -o conftest -g -O2   conftest.cpp  >&5
configure:4503: $? = 0
configure:4503: result: yes
configure:4514: checking for opendir
configure:4514: g++ -o conftest -g -O2   conftest.cpp  >&5
configure:4514: $? = 0
configure:4514: result: yes
configure:4525: checking for popen
configure:4525: g++ -o conftest -g -O2   conftest.cpp  >&5
configure:4525: $? = 0
configure:4525: result: yes
configure:4536: checking for read
configure:4536: g++ -o conftest -g -O2   conftest.cpp  >&5
configure:4536: $? = 0
configure:4536: result: yes
configure:4547: checking for realloc
configure:4547: g++ -o conftest -g -O2   conftest.cpp  >&5
configure:4547: $? = 0
configure:4547: result: yes
configure:4558: checking for recv
configure:4558: g++ -o conftest -g -O2   conftest.cpp  >&5
configure:4558: $? = 0
configure:4558: result: yes
configure:4569: checking for regcomp
configure:4569: g++ -o conftest -g -O2   conftest.cpp  >&5
configure:4569: $? = 0
configure:4569: result: yes
configure:4580: checking for regfree
configure:4580: g++ -o conftest -g -O2   conftest.cpp  >&5
configure:4580: $? = 0
configure:4580: result: yes
configure:4591: checking for snprintf
configure:4591: g++ -o conftest -g -O2   conftest.cpp  >&5
configure:4591: $? = 0
configure:4591: result: yes
configure:4602: checking for socket
configure:4602: g++ -o conftest -g -O2   conftest.cpp  >&5
configure:4602: $? = 0
configure:4602: result: yes
configure:4613: checking for sprintf
configure:4613: g++ -o conftest -g -O2   conftest.cpp  >&5
configure:4613: $? = 0
configure:4613: result: yes
configure:4624: checking for strcat
configure:4624: g++ -o conftest -g -O2   conftest.cpp  >&5
configure:4624: $? = 0
configure:4624: result: yes
configure:4635: checking for strcmp
configure:4635: g++ -o conftest -g -O2   conftest.cpp  >&5
configure:4635: $? = 0
configure:4635: result: yes
configure:4646: checking for strcpy
configure:4646: g++ -o conftest -g -O2   conftest.cpp  >&5
configure:4646: $? = 0
configure:4646: result: yes
configure:4657: checking for strftime
configure:4657: g++ -o conftest -g -O2   conftest.cpp  >&5
configure:4657: $? = 0
configure:4657: result: yes
configure:4668: checking for strncat
configure:4668: g++ -o conftest -g -O2   conftest.cpp  >&5
configure:4668: $? = 0
configure:4668: result: yes
configure:4679: checking for strncpy
configure:4679: g++ -o conftest -g -O2   conftest.cpp  >&5
configure:4679: $? = 0
configure:4679: result: yes
configure:4690: checking for strrchr
configure:4690: g++ -o conftest -g -O2   conftest.cpp  >&5
configure:4690: $? = 0
configure:4690: result: yes
configure:4701: checking for strstr
configure:4701: g++ -o conftest -g -O2   conftest.cpp  >&5
configure:4701: $? = 0
configure:4701: result: yes
configure:4712: checking for system
configure:4712: g++ -o conftest -g -O2   conftest.cpp  >&5
configure:4712: $? = 0
configure:4712: result: yes
configure:4723: checking for time
configure:4723: g++ -o conftest -g -O2   conftest.cpp  >&5
configure:4723: $? = 0
configure:4723: result: yes
configure:4734: checking for waitpid
configure:4734: g++ -o conftest -g -O2   conftest.cpp  >&5
configure:4734: $? = 0
configure:4734: result: yes
configure:4745: checking for bzero
configure:4745: g++ -o conftest -g -O2   conftest.cpp  >&5
configure:4745: $? = 0
configure:4745: result: yes
configure:4756: checking for getcwd
configure:4756: g++ -o conftest -g -O2   conftest.cpp  >&5
configure:4756: $? = 0
configure:4756: result: yes
configure:4767: checking for gethostname
configure:4767: g++ -o conftest -g -O2   conftest.cpp  >&5
configure:4767: $? = 0
configure:4767: result: yes
configure:4778: checking for inet_ntoa
configure:4778: g++ -o conftest -g -O2   conftest.cpp  >&5
configure:4778: $? = 0
configure:4778: result: yes
configure:4799: checking how to run the C++ preprocessor
configure:4826: g++ -E  conftest.cpp
configure:4826: $? = 0
configure:4840: g++ -E  conftest.cpp
conftest.cpp:55:28: error: ac_nonexistent.h: No such file or directory
configure:4840: $? = 1
configure: failed program was:
| /* confdefs.h */
| #define PACKAGE_NAME ""
| #define PACKAGE_TARNAME ""
| #define PACKAGE_VERSION ""
| #define PACKAGE_STRING ""
| #define PACKAGE_BUGREPORT ""
| #define PACKAGE_URL ""
| #define PACKAGE "ipscan"
| #define VERSION "0.0.1"
| #define MAJOR_VERSION 0
| #define MINOR_VERSION 0
| #define MICRO_VERSION 1
| #define REL 1
| #define VERSION_FULL "0.0.1-1"
| #define HOST_OS ""
| #define CPU_VENDOR_OS ""
| #define HAVE_CLOSE 1
| #define HAVE_CLOSEDIR 1
| #define HAVE_FOPEN 1
| #define HAVE_FORK 1
| #define HAVE_FREAD 1
| #define HAVE_FWRITE 1
| #define HAVE_GETGRNAM 1
| #define HAVE_GETHOSTBYNAME 1
| #define HAVE_GETPROTOBYNAME 1
| #define HAVE_INET_PTON 1
| #define HAVE_MALLOC 1
| #define HAVE_MEMSET 1
| #define HAVE_OPENDIR 1
| #define HAVE_POPEN 1
| #define HAVE_READ 1
| #define HAVE_REALLOC 1
| #define HAVE_RECV 1
| #define HAVE_REGCOMP 1
| #define HAVE_REGFREE 1
| #define HAVE_SNPRINTF 1
| #define HAVE_SOCKET 1
| #define HAVE_SPRINTF 1
| #define HAVE_STRCAT 1
| #define HAVE_STRCMP 1
| #define HAVE_STRCPY 1
| #define HAVE_STRFTIME 1
| #define HAVE_STRNCAT 1
| #define HAVE_STRNCPY 1
| #define HAVE_STRRCHR 1
| #define HAVE_STRSTR 1
| #define HAVE_SYSTEM 1
| #define HAVE_TIME 1
| #define HAVE_WAITPID 1
| #define HAVE_BZERO 1
| #define HAVE_GETCWD 1
| #define HAVE_GETHOSTNAME 1
| #define HAVE_INET_NTOA 1
| /* end confdefs.h.  */
| #include <ac_nonexistent.h>
configure:4865: result: g++ -E
configure:4885: g++ -E  conftest.cpp
configure:4885: $? = 0
configure:4899: g++ -E  conftest.cpp
conftest.cpp:55:28: error: ac_nonexistent.h: No such file or directory
configure:4899: $? = 1
configure: failed program was:
| /* confdefs.h */
| #define PACKAGE_NAME ""
| #define PACKAGE_TARNAME ""
| #define PACKAGE_VERSION ""
| #define PACKAGE_STRING ""
| #define PACKAGE_BUGREPORT ""
| #define PACKAGE_URL ""
| #define PACKAGE "ipscan"
| #define VERSION "0.0.1"
| #define MAJOR_VERSION 0
| #define MINOR_VERSION 0
| #define MICRO_VERSION 1
| #define REL 1
| #define VERSION_FULL "0.0.1-1"
| #define HOST_OS ""
| #define CPU_VENDOR_OS ""
| #define HAVE_CLOSE 1
| #define HAVE_CLOSEDIR 1
| #define HAVE_FOPEN 1
| #define HAVE_FORK 1
| #define HAVE_FREAD 1
| #define HAVE_FWRITE 1
| #define HAVE_GETGRNAM 1
| #define HAVE_GETHOSTBYNAME 1
| #define HAVE_GETPROTOBYNAME 1
| #define HAVE_INET_PTON 1
| #define HAVE_MALLOC 1
| #define HAVE_MEMSET 1
| #define HAVE_OPENDIR 1
| #define HAVE_POPEN 1
| #define HAVE_READ 1
| #define HAVE_REALLOC 1
| #define HAVE_RECV 1
| #define HAVE_REGCOMP 1
| #define HAVE_REGFREE 1
| #define HAVE_SNPRINTF 1
| #define HAVE_SOCKET 1
| #define HAVE_SPRINTF 1
| #define HAVE_STRCAT 1
| #define HAVE_STRCMP 1
| #define HAVE_STRCPY 1
| #define HAVE_STRFTIME 1
| #define HAVE_STRNCAT 1
| #define HAVE_STRNCPY 1
| #define HAVE_STRRCHR 1
| #define HAVE_STRSTR 1
| #define HAVE_SYSTEM 1
| #define HAVE_TIME 1
| #define HAVE_WAITPID 1
| #define HAVE_BZERO 1
| #define HAVE_GETCWD 1
| #define HAVE_GETHOSTNAME 1
| #define HAVE_INET_NTOA 1
| /* end confdefs.h.  */
| #include <ac_nonexistent.h>
configure:4928: checking for grep that handles long lines and -e
configure:4986: result: /bin/grep
configure:4991: checking for egrep
configure:5053: result: /bin/grep -E
configure:5058: checking for ANSI C header files
configure:5078: g++ -c -g -O2  conftest.cpp >&5
configure:5078: $? = 0
configure:5151: g++ -o conftest -g -O2   conftest.cpp  >&5
configure:5151: $? = 0
configure:5151: ./conftest
configure:5151: $? = 0
configure:5162: result: yes
configure:5170: checking for sys/wait.h that is POSIX.1 compatible
configure:5196: g++ -c -g -O2  conftest.cpp >&5
configure:5196: $? = 0
configure:5203: result: yes
configure:5211: checking whether time.h and sys/time.h may both be included
configure:5231: g++ -c -g -O2  conftest.cpp >&5
configure:5231: $? = 0
configure:5238: result: yes
configure:5251: checking for sys/types.h
configure:5251: g++ -c -g -O2  conftest.cpp >&5
configure:5251: $? = 0
configure:5251: result: yes
configure:5251: checking for sys/stat.h
configure:5251: g++ -c -g -O2  conftest.cpp >&5
configure:5251: $? = 0
configure:5251: result: yes
configure:5251: checking for stdlib.h
configure:5251: g++ -c -g -O2  conftest.cpp >&5
configure:5251: $? = 0
configure:5251: result: yes
configure:5251: checking for string.h
configure:5251: g++ -c -g -O2  conftest.cpp >&5
configure:5251: $? = 0
configure:5251: result: yes
configure:5251: checking for memory.h
configure:5251: g++ -c -g -O2  conftest.cpp >&5
configure:5251: $? = 0
configure:5251: result: yes
configure:5251: checking for strings.h
configure:5251: g++ -c -g -O2  conftest.cpp >&5
configure:5251: $? = 0
configure:5251: result: yes
configure:5251: checking for inttypes.h
configure:5251: g++ -c -g -O2  conftest.cpp >&5
configure:5251: $? = 0
configure:5251: result: yes
configure:5251: checking for stdint.h
configure:5251: g++ -c -g -O2  conftest.cpp >&5
configure:5251: $? = 0
configure:5251: result: yes
configure:5251: checking for unistd.h
configure:5251: g++ -c -g -O2  conftest.cpp >&5
configure:5251: $? = 0
configure:5251: result: yes
configure:5263: checking for stdbool.h that conforms to C99
configure:5330: g++ -c -g -O2  conftest.cpp >&5
configure:5330: $? = 0
configure:5337: result: yes
configure:5339: checking for _Bool
configure:5339: g++ -c -g -O2  conftest.cpp >&5
conftest.cpp: In function 'int main()':
conftest.cpp:103: error: '_Bool' was not declared in this scope
configure:5339: $? = 1
configure: failed program was:
| /* confdefs.h */
| #define PACKAGE_NAME ""
| #define PACKAGE_TARNAME ""
| #define PACKAGE_VERSION ""
| #define PACKAGE_STRING ""
| #define PACKAGE_BUGREPORT ""
| #define PACKAGE_URL ""
| #define PACKAGE "ipscan"
| #define VERSION "0.0.1"
| #define MAJOR_VERSION 0
| #define MINOR_VERSION 0
| #define MICRO_VERSION 1
| #define REL 1
| #define VERSION_FULL "0.0.1-1"
| #define HOST_OS ""
| #define CPU_VENDOR_OS ""
| #define HAVE_CLOSE 1
| #define HAVE_CLOSEDIR 1
| #define HAVE_FOPEN 1
| #define HAVE_FORK 1
| #define HAVE_FREAD 1
| #define HAVE_FWRITE 1
| #define HAVE_GETGRNAM 1
| #define HAVE_GETHOSTBYNAME 1
| #define HAVE_GETPROTOBYNAME 1
| #define HAVE_INET_PTON 1
| #define HAVE_MALLOC 1
| #define HAVE_MEMSET 1
| #define HAVE_OPENDIR 1
| #define HAVE_POPEN 1
| #define HAVE_READ 1
| #define HAVE_REALLOC 1
| #define HAVE_RECV 1
| #define HAVE_REGCOMP 1
| #define HAVE_REGFREE 1
| #define HAVE_SNPRINTF 1
| #define HAVE_SOCKET 1
| #define HAVE_SPRINTF 1
| #define HAVE_STRCAT 1
| #define HAVE_STRCMP 1
| #define HAVE_STRCPY 1
| #define HAVE_STRFTIME 1
| #define HAVE_STRNCAT 1
| #define HAVE_STRNCPY 1
| #define HAVE_STRRCHR 1
| #define HAVE_STRSTR 1
| #define HAVE_SYSTEM 1
| #define HAVE_TIME 1
| #define HAVE_WAITPID 1
| #define HAVE_BZERO 1
| #define HAVE_GETCWD 1
| #define HAVE_GETHOSTNAME 1
| #define HAVE_INET_NTOA 1
| #define STDC_HEADERS 1
| #define HAVE_SYS_WAIT_H 1
| #define TIME_WITH_SYS_TIME 1
| #define HAVE_SYS_TYPES_H 1
| #define HAVE_SYS_STAT_H 1
| #define HAVE_STDLIB_H 1
| #define HAVE_STRING_H 1
| #define HAVE_MEMORY_H 1
| #define HAVE_STRINGS_H 1
| #define HAVE_INTTYPES_H 1
| #define HAVE_STDINT_H 1
| #define HAVE_UNISTD_H 1
| /* end confdefs.h.  */
| #include <stdio.h>
| #ifdef HAVE_SYS_TYPES_H
| # include <sys/types.h>
| #endif
| #ifdef HAVE_SYS_STAT_H
| # include <sys/stat.h>
| #endif
| #ifdef STDC_HEADERS
| # include <stdlib.h>
| # include <stddef.h>
| #else
| # ifdef HAVE_STDLIB_H
| #  include <stdlib.h>
| # endif
| #endif
| #ifdef HAVE_STRING_H
| # if !defined STDC_HEADERS && defined HAVE_MEMORY_H
| #  include <memory.h>
| # endif
| # include <string.h>
| #endif
| #ifdef HAVE_STRINGS_H
| # include <strings.h>
| #endif
| #ifdef HAVE_INTTYPES_H
| # include <inttypes.h>
| #endif
| #ifdef HAVE_STDINT_H
| # include <stdint.h>
| #endif
| #ifdef HAVE_UNISTD_H
| # include <unistd.h>
| #endif
| int
| main ()
| {
| if (sizeof (_Bool))
| 	 return 0;
|   ;
|   return 0;
| }
configure:5339: result: no
configure:5350: checking for size_t
configure:5350: g++ -c -g -O2  conftest.cpp >&5
configure:5350: $? = 0
configure:5350: g++ -c -g -O2  conftest.cpp >&5
conftest.cpp: In function 'int main()':
conftest.cpp:103: error: expected primary-expression before ')' token
configure:5350: $? = 1
configure: failed program was:
| /* confdefs.h */
| #define PACKAGE_NAME ""
| #define PACKAGE_TARNAME ""
| #define PACKAGE_VERSION ""
| #define PACKAGE_STRING ""
| #define PACKAGE_BUGREPORT ""
| #define PACKAGE_URL ""
| #define PACKAGE "ipscan"
| #define VERSION "0.0.1"
| #define MAJOR_VERSION 0
| #define MINOR_VERSION 0
| #define MICRO_VERSION 1
| #define REL 1
| #define VERSION_FULL "0.0.1-1"
| #define HOST_OS ""
| #define CPU_VENDOR_OS ""
| #define HAVE_CLOSE 1
| #define HAVE_CLOSEDIR 1
| #define HAVE_FOPEN 1
| #define HAVE_FORK 1
| #define HAVE_FREAD 1
| #define HAVE_FWRITE 1
| #define HAVE_GETGRNAM 1
| #define HAVE_GETHOSTBYNAME 1
| #define HAVE_GETPROTOBYNAME 1
| #define HAVE_INET_PTON 1
| #define HAVE_MALLOC 1
| #define HAVE_MEMSET 1
| #define HAVE_OPENDIR 1
| #define HAVE_POPEN 1
| #define HAVE_READ 1
| #define HAVE_REALLOC 1
| #define HAVE_RECV 1
| #define HAVE_REGCOMP 1
| #define HAVE_REGFREE 1
| #define HAVE_SNPRINTF 1
| #define HAVE_SOCKET 1
| #define HAVE_SPRINTF 1
| #define HAVE_STRCAT 1
| #define HAVE_STRCMP 1
| #define HAVE_STRCPY 1
| #define HAVE_STRFTIME 1
| #define HAVE_STRNCAT 1
| #define HAVE_STRNCPY 1
| #define HAVE_STRRCHR 1
| #define HAVE_STRSTR 1
| #define HAVE_SYSTEM 1
| #define HAVE_TIME 1
| #define HAVE_WAITPID 1
| #define HAVE_BZERO 1
| #define HAVE_GETCWD 1
| #define HAVE_GETHOSTNAME 1
| #define HAVE_INET_NTOA 1
| #define STDC_HEADERS 1
| #define HAVE_SYS_WAIT_H 1
| #define TIME_WITH_SYS_TIME 1
| #define HAVE_SYS_TYPES_H 1
| #define HAVE_SYS_STAT_H 1
| #define HAVE_STDLIB_H 1
| #define HAVE_STRING_H 1
| #define HAVE_MEMORY_H 1
| #define HAVE_STRINGS_H 1
| #define HAVE_INTTYPES_H 1
| #define HAVE_STDINT_H 1
| #define HAVE_UNISTD_H 1
| /* end confdefs.h.  */
| #include <stdio.h>
| #ifdef HAVE_SYS_TYPES_H
| # include <sys/types.h>
| #endif
| #ifdef HAVE_SYS_STAT_H
| # include <sys/stat.h>
| #endif
| #ifdef STDC_HEADERS
| # include <stdlib.h>
| # include <stddef.h>
| #else
| # ifdef HAVE_STDLIB_H
| #  include <stdlib.h>
| # endif
| #endif
| #ifdef HAVE_STRING_H
| # if !defined STDC_HEADERS && defined HAVE_MEMORY_H
| #  include <memory.h>
| # endif
| # include <string.h>
| #endif
| #ifdef HAVE_STRINGS_H
| # include <strings.h>
| #endif
| #ifdef HAVE_INTTYPES_H
| # include <inttypes.h>
| #endif
| #ifdef HAVE_STDINT_H
| # include <stdint.h>
| #endif
| #ifdef HAVE_UNISTD_H
| # include <unistd.h>
| #endif
| int
| main ()
| {
| if (sizeof ((size_t)))
| 	    return 0;
|   ;
|   return 0;
| }
configure:5350: result: yes
configure:5361: checking for error_at_line
configure:5377: g++ -o conftest -g -O2   conftest.cpp  >&5
configure:5377: $? = 0
configure:5385: result: yes
configure:5396: checking for pid_t
configure:5396: g++ -c -g -O2  conftest.cpp >&5
configure:5396: $? = 0
configure:5396: g++ -c -g -O2  conftest.cpp >&5
conftest.cpp: In function 'int main()':
conftest.cpp:103: error: expected primary-expression before ')' token
configure:5396: $? = 1
configure: failed program was:
| /* confdefs.h */
| #define PACKAGE_NAME ""
| #define PACKAGE_TARNAME ""
| #define PACKAGE_VERSION ""
| #define PACKAGE_STRING ""
| #define PACKAGE_BUGREPORT ""
| #define PACKAGE_URL ""
| #define PACKAGE "ipscan"
| #define VERSION "0.0.1"
| #define MAJOR_VERSION 0
| #define MINOR_VERSION 0
| #define MICRO_VERSION 1
| #define REL 1
| #define VERSION_FULL "0.0.1-1"
| #define HOST_OS ""
| #define CPU_VENDOR_OS ""
| #define HAVE_CLOSE 1
| #define HAVE_CLOSEDIR 1
| #define HAVE_FOPEN 1
| #define HAVE_FORK 1
| #define HAVE_FREAD 1
| #define HAVE_FWRITE 1
| #define HAVE_GETGRNAM 1
| #define HAVE_GETHOSTBYNAME 1
| #define HAVE_GETPROTOBYNAME 1
| #define HAVE_INET_PTON 1
| #define HAVE_MALLOC 1
| #define HAVE_MEMSET 1
| #define HAVE_OPENDIR 1
| #define HAVE_POPEN 1
| #define HAVE_READ 1
| #define HAVE_REALLOC 1
| #define HAVE_RECV 1
| #define HAVE_REGCOMP 1
| #define HAVE_REGFREE 1
| #define HAVE_SNPRINTF 1
| #define HAVE_SOCKET 1
| #define HAVE_SPRINTF 1
| #define HAVE_STRCAT 1
| #define HAVE_STRCMP 1
| #define HAVE_STRCPY 1
| #define HAVE_STRFTIME 1
| #define HAVE_STRNCAT 1
| #define HAVE_STRNCPY 1
| #define HAVE_STRRCHR 1
| #define HAVE_STRSTR 1
| #define HAVE_SYSTEM 1
| #define HAVE_TIME 1
| #define HAVE_WAITPID 1
| #define HAVE_BZERO 1
| #define HAVE_GETCWD 1
| #define HAVE_GETHOSTNAME 1
| #define HAVE_INET_NTOA 1
| #define STDC_HEADERS 1
| #define HAVE_SYS_WAIT_H 1
| #define TIME_WITH_SYS_TIME 1
| #define HAVE_SYS_TYPES_H 1
| #define HAVE_SYS_STAT_H 1
| #define HAVE_STDLIB_H 1
| #define HAVE_STRING_H 1
| #define HAVE_MEMORY_H 1
| #define HAVE_STRINGS_H 1
| #define HAVE_INTTYPES_H 1
| #define HAVE_STDINT_H 1
| #define HAVE_UNISTD_H 1
| /* end confdefs.h.  */
| #include <stdio.h>
| #ifdef HAVE_SYS_TYPES_H
| # include <sys/types.h>
| #endif
| #ifdef HAVE_SYS_STAT_H
| # include <sys/stat.h>
| #endif
| #ifdef STDC_HEADERS
| # include <stdlib.h>
| # include <stddef.h>
| #else
| # ifdef HAVE_STDLIB_H
| #  include <stdlib.h>
| # endif
| #endif
| #ifdef HAVE_STRING_H
| # if !defined STDC_HEADERS && defined HAVE_MEMORY_H
| #  include <memory.h>
| # endif
| # include <string.h>
| #endif
| #ifdef HAVE_STRINGS_H
| # include <strings.h>
| #endif
| #ifdef HAVE_INTTYPES_H
| # include <inttypes.h>
| #endif
| #ifdef HAVE_STDINT_H
| # include <stdint.h>
| #endif
| #ifdef HAVE_UNISTD_H
| # include <unistd.h>
| #endif
| int
| main ()
| {
| if (sizeof ((pid_t)))
| 	    return 0;
|   ;
|   return 0;
| }
configure:5396: result: yes
configure:5409: checking vfork.h usability
configure:5409: g++ -c -g -O2  conftest.cpp >&5
conftest.cpp:100:19: error: vfork.h: No such file or directory
configure:5409: $? = 1
configure: failed program was:
| /* confdefs.h */
| #define PACKAGE_NAME ""
| #define PACKAGE_TARNAME ""
| #define PACKAGE_VERSION ""
| #define PACKAGE_STRING ""
| #define PACKAGE_BUGREPORT ""
| #define PACKAGE_URL ""
| #define PACKAGE "ipscan"
| #define VERSION "0.0.1"
| #define MAJOR_VERSION 0
| #define MINOR_VERSION 0
| #define MICRO_VERSION 1
| #define REL 1
| #define VERSION_FULL "0.0.1-1"
| #define HOST_OS ""
| #define CPU_VENDOR_OS ""
| #define HAVE_CLOSE 1
| #define HAVE_CLOSEDIR 1
| #define HAVE_FOPEN 1
| #define HAVE_FORK 1
| #define HAVE_FREAD 1
| #define HAVE_FWRITE 1
| #define HAVE_GETGRNAM 1
| #define HAVE_GETHOSTBYNAME 1
| #define HAVE_GETPROTOBYNAME 1
| #define HAVE_INET_PTON 1
| #define HAVE_MALLOC 1
| #define HAVE_MEMSET 1
| #define HAVE_OPENDIR 1
| #define HAVE_POPEN 1
| #define HAVE_READ 1
| #define HAVE_REALLOC 1
| #define HAVE_RECV 1
| #define HAVE_REGCOMP 1
| #define HAVE_REGFREE 1
| #define HAVE_SNPRINTF 1
| #define HAVE_SOCKET 1
| #define HAVE_SPRINTF 1
| #define HAVE_STRCAT 1
| #define HAVE_STRCMP 1
| #define HAVE_STRCPY 1
| #define HAVE_STRFTIME 1
| #define HAVE_STRNCAT 1
| #define HAVE_STRNCPY 1
| #define HAVE_STRRCHR 1
| #define HAVE_STRSTR 1
| #define HAVE_SYSTEM 1
| #define HAVE_TIME 1
| #define HAVE_WAITPID 1
| #define HAVE_BZERO 1
| #define HAVE_GETCWD 1
| #define HAVE_GETHOSTNAME 1
| #define HAVE_INET_NTOA 1
| #define STDC_HEADERS 1
| #define HAVE_SYS_WAIT_H 1
| #define TIME_WITH_SYS_TIME 1
| #define HAVE_SYS_TYPES_H 1
| #define HAVE_SYS_STAT_H 1
| #define HAVE_STDLIB_H 1
| #define HAVE_STRING_H 1
| #define HAVE_MEMORY_H 1
| #define HAVE_STRINGS_H 1
| #define HAVE_INTTYPES_H 1
| #define HAVE_STDINT_H 1
| #define HAVE_UNISTD_H 1
| /* end confdefs.h.  */
| #include <stdio.h>
| #ifdef HAVE_SYS_TYPES_H
| # include <sys/types.h>
| #endif
| #ifdef HAVE_SYS_STAT_H
| # include <sys/stat.h>
| #endif
| #ifdef STDC_HEADERS
| # include <stdlib.h>
| # include <stddef.h>
| #else
| # ifdef HAVE_STDLIB_H
| #  include <stdlib.h>
| # endif
| #endif
| #ifdef HAVE_STRING_H
| # if !defined STDC_HEADERS && defined HAVE_MEMORY_H
| #  include <memory.h>
| # endif
| # include <string.h>
| #endif
| #ifdef HAVE_STRINGS_H
| # include <strings.h>
| #endif
| #ifdef HAVE_INTTYPES_H
| # include <inttypes.h>
| #endif
| #ifdef HAVE_STDINT_H
| # include <stdint.h>
| #endif
| #ifdef HAVE_UNISTD_H
| # include <unistd.h>
| #endif
| #include <vfork.h>
configure:5409: result: no
configure:5409: checking vfork.h presence
configure:5409: g++ -E  conftest.cpp
conftest.cpp:67:19: error: vfork.h: No such file or directory
configure:5409: $? = 1
configure: failed program was:
| /* confdefs.h */
| #define PACKAGE_NAME ""
| #define PACKAGE_TARNAME ""
| #define PACKAGE_VERSION ""
| #define PACKAGE_STRING ""
| #define PACKAGE_BUGREPORT ""
| #define PACKAGE_URL ""
| #define PACKAGE "ipscan"
| #define VERSION "0.0.1"
| #define MAJOR_VERSION 0
| #define MINOR_VERSION 0
| #define MICRO_VERSION 1
| #define REL 1
| #define VERSION_FULL "0.0.1-1"
| #define HOST_OS ""
| #define CPU_VENDOR_OS ""
| #define HAVE_CLOSE 1
| #define HAVE_CLOSEDIR 1
| #define HAVE_FOPEN 1
| #define HAVE_FORK 1
| #define HAVE_FREAD 1
| #define HAVE_FWRITE 1
| #define HAVE_GETGRNAM 1
| #define HAVE_GETHOSTBYNAME 1
| #define HAVE_GETPROTOBYNAME 1
| #define HAVE_INET_PTON 1
| #define HAVE_MALLOC 1
| #define HAVE_MEMSET 1
| #define HAVE_OPENDIR 1
| #define HAVE_POPEN 1
| #define HAVE_READ 1
| #define HAVE_REALLOC 1
| #define HAVE_RECV 1
| #define HAVE_REGCOMP 1
| #define HAVE_REGFREE 1
| #define HAVE_SNPRINTF 1
| #define HAVE_SOCKET 1
| #define HAVE_SPRINTF 1
| #define HAVE_STRCAT 1
| #define HAVE_STRCMP 1
| #define HAVE_STRCPY 1
| #define HAVE_STRFTIME 1
| #define HAVE_STRNCAT 1
| #define HAVE_STRNCPY 1
| #define HAVE_STRRCHR 1
| #define HAVE_STRSTR 1
| #define HAVE_SYSTEM 1
| #define HAVE_TIME 1
| #define HAVE_WAITPID 1
| #define HAVE_BZERO 1
| #define HAVE_GETCWD 1
| #define HAVE_GETHOSTNAME 1
| #define HAVE_INET_NTOA 1
| #define STDC_HEADERS 1
| #define HAVE_SYS_WAIT_H 1
| #define TIME_WITH_SYS_TIME 1
| #define HAVE_SYS_TYPES_H 1
| #define HAVE_SYS_STAT_H 1
| #define HAVE_STDLIB_H 1
| #define HAVE_STRING_H 1
| #define HAVE_MEMORY_H 1
| #define HAVE_STRINGS_H 1
| #define HAVE_INTTYPES_H 1
| #define HAVE_STDINT_H 1
| #define HAVE_UNISTD_H 1
| /* end confdefs.h.  */
| #include <vfork.h>
configure:5409: result: no
configure:5409: checking for vfork.h
configure:5409: result: no
configure:5422: checking for fork
configure:5422: result: yes
configure:5422: checking for vfork
configure:5422: g++ -o conftest -g -O2   conftest.cpp  >&5
configure:5422: $? = 0
configure:5422: result: yes
configure:5432: checking for working fork
configure:5454: g++ -o conftest -g -O2   conftest.cpp  >&5
configure:5454: $? = 0
configure:5454: ./conftest
configure:5454: $? = 0
configure:5464: result: yes
configure:5485: checking for working vfork
configure:5595: result: yes
configure:5622: checking for stdlib.h
configure:5622: result: yes
configure:5632: checking for GNU libc compatible malloc
configure:5656: g++ -o conftest -g -O2   conftest.cpp  >&5
configure:5656: $? = 0
configure:5656: ./conftest
configure:5656: $? = 0
configure:5666: result: yes
configure:5689: checking for stdlib.h
configure:5689: result: yes
configure:5699: checking for GNU libc compatible realloc
configure:5723: g++ -o conftest -g -O2   conftest.cpp  >&5
configure:5723: $? = 0
configure:5723: ./conftest
configure:5723: $? = 0
configure:5733: result: yes
configure:5757: checking for sys/types.h
configure:5757: result: yes
configure:5757: checking for netinet/in.h
configure:5757: g++ -c -g -O2  conftest.cpp >&5
configure:5757: $? = 0
configure:5757: result: yes
configure:5757: checking for arpa/nameser.h
configure:5757: g++ -c -g -O2  conftest.cpp >&5
configure:5757: $? = 0
configure:5757: result: yes
configure:5757: checking for netdb.h
configure:5757: g++ -c -g -O2  conftest.cpp >&5
configure:5757: $? = 0
configure:5757: result: yes
configure:5757: checking for resolv.h
configure:5757: g++ -c -g -O2  conftest.cpp >&5
configure:5757: $? = 0
configure:5757: result: yes
configure:5780: checking for pid_t
configure:5780: result: yes
configure:5791: checking for ssize_t
configure:5791: g++ -c -g -O2  conftest.cpp >&5
configure:5791: $? = 0
configure:5791: g++ -c -g -O2  conftest.cpp >&5
conftest.cpp: In function 'int main()':
conftest.cpp:116: error: expected primary-expression before ')' token
configure:5791: $? = 1
configure: failed program was:
| /* confdefs.h */
| #define PACKAGE_NAME ""
| #define PACKAGE_TARNAME ""
| #define PACKAGE_VERSION ""
| #define PACKAGE_STRING ""
| #define PACKAGE_BUGREPORT ""
| #define PACKAGE_URL ""
| #define PACKAGE "ipscan"
| #define VERSION "0.0.1"
| #define MAJOR_VERSION 0
| #define MINOR_VERSION 0
| #define MICRO_VERSION 1
| #define REL 1
| #define VERSION_FULL "0.0.1-1"
| #define HOST_OS ""
| #define CPU_VENDOR_OS ""
| #define HAVE_CLOSE 1
| #define HAVE_CLOSEDIR 1
| #define HAVE_FOPEN 1
| #define HAVE_FORK 1
| #define HAVE_FREAD 1
| #define HAVE_FWRITE 1
| #define HAVE_GETGRNAM 1
| #define HAVE_GETHOSTBYNAME 1
| #define HAVE_GETPROTOBYNAME 1
| #define HAVE_INET_PTON 1
| #define HAVE_MALLOC 1
| #define HAVE_MEMSET 1
| #define HAVE_OPENDIR 1
| #define HAVE_POPEN 1
| #define HAVE_READ 1
| #define HAVE_REALLOC 1
| #define HAVE_RECV 1
| #define HAVE_REGCOMP 1
| #define HAVE_REGFREE 1
| #define HAVE_SNPRINTF 1
| #define HAVE_SOCKET 1
| #define HAVE_SPRINTF 1
| #define HAVE_STRCAT 1
| #define HAVE_STRCMP 1
| #define HAVE_STRCPY 1
| #define HAVE_STRFTIME 1
| #define HAVE_STRNCAT 1
| #define HAVE_STRNCPY 1
| #define HAVE_STRRCHR 1
| #define HAVE_STRSTR 1
| #define HAVE_SYSTEM 1
| #define HAVE_TIME 1
| #define HAVE_WAITPID 1
| #define HAVE_BZERO 1
| #define HAVE_GETCWD 1
| #define HAVE_GETHOSTNAME 1
| #define HAVE_INET_NTOA 1
| #define STDC_HEADERS 1
| #define HAVE_SYS_WAIT_H 1
| #define TIME_WITH_SYS_TIME 1
| #define HAVE_SYS_TYPES_H 1
| #define HAVE_SYS_STAT_H 1
| #define HAVE_STDLIB_H 1
| #define HAVE_STRING_H 1
| #define HAVE_MEMORY_H 1
| #define HAVE_STRINGS_H 1
| #define HAVE_INTTYPES_H 1
| #define HAVE_STDINT_H 1
| #define HAVE_UNISTD_H 1
| #define HAVE_FORK 1
| #define HAVE_VFORK 1
| #define HAVE_WORKING_VFORK 1
| #define HAVE_WORKING_FORK 1
| #define HAVE_STDLIB_H 1
| #define HAVE_MALLOC 1
| #define HAVE_STDLIB_H 1
| #define HAVE_REALLOC 1
| #define HAVE_SYS_TYPES_H 1
| #define HAVE_NETINET_IN_H 1
| #define HAVE_ARPA_NAMESER_H 1
| #define HAVE_NETDB_H 1
| #define HAVE_RESOLV_H 1
| /* end confdefs.h.  */
| #include <stdio.h>
| #ifdef HAVE_SYS_TYPES_H
| # include <sys/types.h>
| #endif
| #ifdef HAVE_SYS_STAT_H
| # include <sys/stat.h>
| #endif
| #ifdef STDC_HEADERS
| # include <stdlib.h>
| # include <stddef.h>
| #else
| # ifdef HAVE_STDLIB_H
| #  include <stdlib.h>
| # endif
| #endif
| #ifdef HAVE_STRING_H
| # if !defined STDC_HEADERS && defined HAVE_MEMORY_H
| #  include <memory.h>
| # endif
| # include <string.h>
| #endif
| #ifdef HAVE_STRINGS_H
| # include <strings.h>
| #endif
| #ifdef HAVE_INTTYPES_H
| # include <inttypes.h>
| #endif
| #ifdef HAVE_STDINT_H
| # include <stdint.h>
| #endif
| #ifdef HAVE_UNISTD_H
| # include <unistd.h>
| #endif
| int
| main ()
| {
| if (sizeof ((ssize_t)))
| 	    return 0;
|   ;
|   return 0;
| }
configure:5791: result: yes
configure:5805: checking arpa/inet.h usability
configure:5805: g++ -c -g -O2  conftest.cpp >&5
configure:5805: $? = 0
configure:5805: result: yes
configure:5805: checking arpa/inet.h presence
configure:5805: g++ -E  conftest.cpp
configure:5805: $? = 0
configure:5805: result: yes
configure:5805: checking for arpa/inet.h
configure:5805: result: yes
configure:5817: checking fcntl.h usability
configure:5817: g++ -c -g -O2  conftest.cpp >&5
configure:5817: $? = 0
configure:5817: result: yes
configure:5817: checking fcntl.h presence
configure:5817: g++ -E  conftest.cpp
configure:5817: $? = 0
configure:5817: result: yes
configure:5817: checking for fcntl.h
configure:5817: result: yes
configure:5829: checking for netdb.h
configure:5829: result: yes
configure:5841: checking for netinet/in.h
configure:5841: result: yes
configure:5853: checking sys/socket.h usability
configure:5853: g++ -c -g -O2  conftest.cpp >&5
configure:5853: $? = 0
configure:5853: result: yes
configure:5853: checking sys/socket.h presence
configure:5853: g++ -E  conftest.cpp
configure:5853: $? = 0
configure:5853: result: yes
configure:5853: checking for sys/socket.h
configure:5853: result: yes
configure:5865: checking for arpa/nameser.h
configure:5865: result: yes
configure:5877: checking for netinet/in.h
configure:5877: result: yes
configure:5889: checking resolver.h usability
configure:5889: g++ -c -g -O2  conftest.cpp >&5
conftest.cpp:120:22: error: resolver.h: No such file or directory
configure:5889: $? = 1
configure: failed program was:
| /* confdefs.h */
| #define PACKAGE_NAME ""
| #define PACKAGE_TARNAME ""
| #define PACKAGE_VERSION ""
| #define PACKAGE_STRING ""
| #define PACKAGE_BUGREPORT ""
| #define PACKAGE_URL ""
| #define PACKAGE "ipscan"
| #define VERSION "0.0.1"
| #define MAJOR_VERSION 0
| #define MINOR_VERSION 0
| #define MICRO_VERSION 1
| #define REL 1
| #define VERSION_FULL "0.0.1-1"
| #define HOST_OS ""
| #define CPU_VENDOR_OS ""
| #define HAVE_CLOSE 1
| #define HAVE_CLOSEDIR 1
| #define HAVE_FOPEN 1
| #define HAVE_FORK 1
| #define HAVE_FREAD 1
| #define HAVE_FWRITE 1
| #define HAVE_GETGRNAM 1
| #define HAVE_GETHOSTBYNAME 1
| #define HAVE_GETPROTOBYNAME 1
| #define HAVE_INET_PTON 1
| #define HAVE_MALLOC 1
| #define HAVE_MEMSET 1
| #define HAVE_OPENDIR 1
| #define HAVE_POPEN 1
| #define HAVE_READ 1
| #define HAVE_REALLOC 1
| #define HAVE_RECV 1
| #define HAVE_REGCOMP 1
| #define HAVE_REGFREE 1
| #define HAVE_SNPRINTF 1
| #define HAVE_SOCKET 1
| #define HAVE_SPRINTF 1
| #define HAVE_STRCAT 1
| #define HAVE_STRCMP 1
| #define HAVE_STRCPY 1
| #define HAVE_STRFTIME 1
| #define HAVE_STRNCAT 1
| #define HAVE_STRNCPY 1
| #define HAVE_STRRCHR 1
| #define HAVE_STRSTR 1
| #define HAVE_SYSTEM 1
| #define HAVE_TIME 1
| #define HAVE_WAITPID 1
| #define HAVE_BZERO 1
| #define HAVE_GETCWD 1
| #define HAVE_GETHOSTNAME 1
| #define HAVE_INET_NTOA 1
| #define STDC_HEADERS 1
| #define HAVE_SYS_WAIT_H 1
| #define TIME_WITH_SYS_TIME 1
| #define HAVE_SYS_TYPES_H 1
| #define HAVE_SYS_STAT_H 1
| #define HAVE_STDLIB_H 1
| #define HAVE_STRING_H 1
| #define HAVE_MEMORY_H 1
| #define HAVE_STRINGS_H 1
| #define HAVE_INTTYPES_H 1
| #define HAVE_STDINT_H 1
| #define HAVE_UNISTD_H 1
| #define HAVE_FORK 1
| #define HAVE_VFORK 1
| #define HAVE_WORKING_VFORK 1
| #define HAVE_WORKING_FORK 1
| #define HAVE_STDLIB_H 1
| #define HAVE_MALLOC 1
| #define HAVE_STDLIB_H 1
| #define HAVE_REALLOC 1
| #define HAVE_SYS_TYPES_H 1
| #define HAVE_NETINET_IN_H 1
| #define HAVE_ARPA_NAMESER_H 1
| #define HAVE_NETDB_H 1
| #define HAVE_RESOLV_H 1
| #define HAVE_ARPA_INET_H 1
| #define HAVE_FCNTL_H 1
| #define HAVE_NETDB_H 1
| #define HAVE_NETINET_IN_H 1
| #define HAVE_SYS_SOCKET_H 1
| #define HAVE_ARPA_NAMESER_H 1
| #define HAVE_NETINET_IN_H 1
| /* end confdefs.h.  */
| #include <stdio.h>
| #ifdef HAVE_SYS_TYPES_H
| # include <sys/types.h>
| #endif
| #ifdef HAVE_SYS_STAT_H
| # include <sys/stat.h>
| #endif
| #ifdef STDC_HEADERS
| # include <stdlib.h>
| # include <stddef.h>
| #else
| # ifdef HAVE_STDLIB_H
| #  include <stdlib.h>
| # endif
| #endif
| #ifdef HAVE_STRING_H
| # if !defined STDC_HEADERS && defined HAVE_MEMORY_H
| #  include <memory.h>
| # endif
| # include <string.h>
| #endif
| #ifdef HAVE_STRINGS_H
| # include <strings.h>
| #endif
| #ifdef HAVE_INTTYPES_H
| # include <inttypes.h>
| #endif
| #ifdef HAVE_STDINT_H
| # include <stdint.h>
| #endif
| #ifdef HAVE_UNISTD_H
| # include <unistd.h>
| #endif
| #include <resolver.h>
configure:5889: result: no
configure:5889: checking resolver.h presence
configure:5889: g++ -E  conftest.cpp
conftest.cpp:87:22: error: resolver.h: No such file or directory
configure:5889: $? = 1
configure: failed program was:
| /* confdefs.h */
| #define PACKAGE_NAME ""
| #define PACKAGE_TARNAME ""
| #define PACKAGE_VERSION ""
| #define PACKAGE_STRING ""
| #define PACKAGE_BUGREPORT ""
| #define PACKAGE_URL ""
| #define PACKAGE "ipscan"
| #define VERSION "0.0.1"
| #define MAJOR_VERSION 0
| #define MINOR_VERSION 0
| #define MICRO_VERSION 1
| #define REL 1
| #define VERSION_FULL "0.0.1-1"
| #define HOST_OS ""
| #define CPU_VENDOR_OS ""
| #define HAVE_CLOSE 1
| #define HAVE_CLOSEDIR 1
| #define HAVE_FOPEN 1
| #define HAVE_FORK 1
| #define HAVE_FREAD 1
| #define HAVE_FWRITE 1
| #define HAVE_GETGRNAM 1
| #define HAVE_GETHOSTBYNAME 1
| #define HAVE_GETPROTOBYNAME 1
| #define HAVE_INET_PTON 1
| #define HAVE_MALLOC 1
| #define HAVE_MEMSET 1
| #define HAVE_OPENDIR 1
| #define HAVE_POPEN 1
| #define HAVE_READ 1
| #define HAVE_REALLOC 1
| #define HAVE_RECV 1
| #define HAVE_REGCOMP 1
| #define HAVE_REGFREE 1
| #define HAVE_SNPRINTF 1
| #define HAVE_SOCKET 1
| #define HAVE_SPRINTF 1
| #define HAVE_STRCAT 1
| #define HAVE_STRCMP 1
| #define HAVE_STRCPY 1
| #define HAVE_STRFTIME 1
| #define HAVE_STRNCAT 1
| #define HAVE_STRNCPY 1
| #define HAVE_STRRCHR 1
| #define HAVE_STRSTR 1
| #define HAVE_SYSTEM 1
| #define HAVE_TIME 1
| #define HAVE_WAITPID 1
| #define HAVE_BZERO 1
| #define HAVE_GETCWD 1
| #define HAVE_GETHOSTNAME 1
| #define HAVE_INET_NTOA 1
| #define STDC_HEADERS 1
| #define HAVE_SYS_WAIT_H 1
| #define TIME_WITH_SYS_TIME 1
| #define HAVE_SYS_TYPES_H 1
| #define HAVE_SYS_STAT_H 1
| #define HAVE_STDLIB_H 1
| #define HAVE_STRING_H 1
| #define HAVE_MEMORY_H 1
| #define HAVE_STRINGS_H 1
| #define HAVE_INTTYPES_H 1
| #define HAVE_STDINT_H 1
| #define HAVE_UNISTD_H 1
| #define HAVE_FORK 1
| #define HAVE_VFORK 1
| #define HAVE_WORKING_VFORK 1
| #define HAVE_WORKING_FORK 1
| #define HAVE_STDLIB_H 1
| #define HAVE_MALLOC 1
| #define HAVE_STDLIB_H 1
| #define HAVE_REALLOC 1
| #define HAVE_SYS_TYPES_H 1
| #define HAVE_NETINET_IN_H 1
| #define HAVE_ARPA_NAMESER_H 1
| #define HAVE_NETDB_H 1
| #define HAVE_RESOLV_H 1
| #define HAVE_ARPA_INET_H 1
| #define HAVE_FCNTL_H 1
| #define HAVE_NETDB_H 1
| #define HAVE_NETINET_IN_H 1
| #define HAVE_SYS_SOCKET_H 1
| #define HAVE_ARPA_NAMESER_H 1
| #define HAVE_NETINET_IN_H 1
| /* end confdefs.h.  */
| #include <resolver.h>
configure:5889: result: no
configure:5889: checking for resolver.h
configure:5889: result: no
configure:5901: checking malloc.h usability
configure:5901: g++ -c -g -O2  conftest.cpp >&5
configure:5901: $? = 0
configure:5901: result: yes
configure:5901: checking malloc.h presence
configure:5901: g++ -E  conftest.cpp
configure:5901: $? = 0
configure:5901: result: yes
configure:5901: checking for malloc.h
configure:5901: result: yes
configure:6064: creating ./config.status

## ---------------- ##
## Cache variables. ##
## ---------------- ##

ac_cv_c_compiler_gnu=yes
ac_cv_cxx_compiler_gnu=yes
ac_cv_env_CCC_set=
ac_cv_env_CCC_value=
ac_cv_env_CC_set=
ac_cv_env_CC_value=
ac_cv_env_CFLAGS_set=
ac_cv_env_CFLAGS_value=
ac_cv_env_CPPFLAGS_set=
ac_cv_env_CPPFLAGS_value=
ac_cv_env_CXXCPP_set=
ac_cv_env_CXXCPP_value=
ac_cv_env_CXXFLAGS_set=
ac_cv_env_CXXFLAGS_value=
ac_cv_env_CXX_set=
ac_cv_env_CXX_value=
ac_cv_env_LDFLAGS_set=
ac_cv_env_LDFLAGS_value=
ac_cv_env_LIBS_set=
ac_cv_env_LIBS_value=
ac_cv_env_build_alias_set=
ac_cv_env_build_alias_value=
ac_cv_env_host_alias_set=
ac_cv_env_host_alias_value=
ac_cv_env_target_alias_set=
ac_cv_env_target_alias_value=
ac_cv_func_ERR_error_string=no
ac_cv_func_ERR_print_errors_fp=no
ac_cv_func_bzero=yes
ac_cv_func_close=yes
ac_cv_func_closedir=yes
ac_cv_func_fopen=yes
ac_cv_func_fork=yes
ac_cv_func_fork_works=yes
ac_cv_func_fread=yes
ac_cv_func_fwrite=yes
ac_cv_func_getcwd=yes
ac_cv_func_getgrnam=yes
ac_cv_func_gethostbyname=yes
ac_cv_func_gethostname=yes
ac_cv_func_getprotobyname=yes
ac_cv_func_inet_ntoa=yes
ac_cv_func_inet_pton=yes
ac_cv_func_malloc=yes
ac_cv_func_malloc_0_nonnull=yes
ac_cv_func_memset=yes
ac_cv_func_opendir=yes
ac_cv_func_popen=yes
ac_cv_func_read=yes
ac_cv_func_realloc=yes
ac_cv_func_realloc_0_nonnull=yes
ac_cv_func_recv=yes
ac_cv_func_regcomp=yes
ac_cv_func_regfree=yes
ac_cv_func_snprintf=yes
ac_cv_func_socket=yes
ac_cv_func_sprintf=yes
ac_cv_func_strcat=yes
ac_cv_func_strcmp=yes
ac_cv_func_strcpy=yes
ac_cv_func_strftime=yes
ac_cv_func_strncat=yes
ac_cv_func_strncpy=yes
ac_cv_func_strrchr=yes
ac_cv_func_strstr=yes
ac_cv_func_system=yes
ac_cv_func_time=yes
ac_cv_func_vfork=yes
ac_cv_func_vfork_works=yes
ac_cv_func_waitpid=yes
ac_cv_header_arpa_inet_h=yes
ac_cv_header_arpa_nameser_h=yes
ac_cv_header_fcntl_h=yes
ac_cv_header_inttypes_h=yes
ac_cv_header_malloc_h=yes
ac_cv_header_memory_h=yes
ac_cv_header_netdb_h=yes
ac_cv_header_netinet_in_h=yes
ac_cv_header_resolv_h=yes
ac_cv_header_resolver_h=no
ac_cv_header_stdbool_h=yes
ac_cv_header_stdc=yes
ac_cv_header_stdint_h=yes
ac_cv_header_stdlib_h=yes
ac_cv_header_string_h=yes
ac_cv_header_strings_h=yes
ac_cv_header_sys_socket_h=yes
ac_cv_header_sys_stat_h=yes
ac_cv_header_sys_types_h=yes
ac_cv_header_sys_wait_h=yes
ac_cv_header_time=yes
ac_cv_header_unistd_h=yes
ac_cv_header_vfork_h=no
ac_cv_lib_error_at_line=yes
ac_cv_objext=o
ac_cv_path_EGREP='/bin/grep -E'
ac_cv_path_GREP=/bin/grep
ac_cv_path_install='/usr/bin/install -c'
ac_cv_path_mkdir=/bin/mkdir
ac_cv_prog_AWK=gawk
ac_cv_prog_CXXCPP='g++ -E'
ac_cv_prog_ac_ct_CC=gcc
ac_cv_prog_ac_ct_CXX=g++
ac_cv_prog_cc_c89=
ac_cv_prog_cc_g=yes
ac_cv_prog_cc_gcc_c_o=yes
ac_cv_prog_cxx_g=yes
ac_cv_prog_make_make_set=yes
ac_cv_type__Bool=no
ac_cv_type_pid_t=yes
ac_cv_type_size_t=yes
ac_cv_type_ssize_t=yes
am_cv_CC_dependencies_compiler_type=gcc3
am_cv_CXX_dependencies_compiler_type=gcc3

## ----------------- ##
## Output variables. ##
## ----------------- ##

ACLOCAL='${SHELL} /opt/code/c/ip-scanner-0.0.1/missing --run aclocal-1.11'
AMDEPBACKSLASH='\'
AMDEP_FALSE='#'
AMDEP_TRUE=''
AMTAR='${SHELL} /opt/code/c/ip-scanner-0.0.1/missing --run tar'
AM_CXXFLAGS=''
AM_LDFLAGS=''
AUTOCONF='${SHELL} /opt/code/c/ip-scanner-0.0.1/missing --run autoconf'
AUTOHEADER='${SHELL} /opt/code/c/ip-scanner-0.0.1/missing --run autoheader'
AUTOMAKE='${SHELL} /opt/code/c/ip-scanner-0.0.1/missing --run automake-1.11'
AWK='gawk'
CC='gcc'
CCDEPMODE='depmode=gcc3'
CFLAGS='-g -O2'
CPPFLAGS=''
CXX='g++'
CXXCPP='g++ -E'
CXXDEPMODE='depmode=gcc3'
CXXFLAGS='-g -O2'
CYGPATH_W='echo'
DEFS='-DHAVE_CONFIG_H'
DEPDIR='.deps'
ECHO_C=''
ECHO_N='-n'
ECHO_T=''
EGREP='/bin/grep -E'
EXEEXT=''
GREP='/bin/grep'
INSTALL_DATA='${INSTALL} -m 644'
INSTALL_PROGRAM='${INSTALL}'
INSTALL_SCRIPT='${INSTALL}'
INSTALL_STRIP_PROGRAM='$(install_sh) -c -s'
LDFLAGS=''
LIBOBJS=''
LIBS=''
LTLIBOBJS=''
MAJOR_VERSION='0'
MAKEINFO='${SHELL} /opt/code/c/ip-scanner-0.0.1/missing --run makeinfo'
MICRO_VERSION='1'
MINOR_VERSION='0'
MKDIR_P='/bin/mkdir -p'
OBJEXT='o'
PACKAGE='ipscan'
PACKAGE_BUGREPORT=''
PACKAGE_NAME=''
PACKAGE_STRING=''
PACKAGE_TARNAME=''
PACKAGE_URL=''
PACKAGE_VERSION=''
PATH_SEPARATOR=':'
REL='1'
SET_MAKE=''
SHELL='/bin/sh'
STRIP=''
VERSION='0.0.1'
ac_ct_CC='gcc'
ac_ct_CXX='g++'
am__EXEEXT_FALSE=''
am__EXEEXT_TRUE='#'
am__fastdepCC_FALSE='#'
am__fastdepCC_TRUE=''
am__fastdepCXX_FALSE='#'
am__fastdepCXX_TRUE=''
am__include='include'
am__isrc=''
am__leading_dot='.'
am__quote=''
am__tar='${AMTAR} chof - "$$tardir"'
am__untar='${AMTAR} xf -'
bindir='${exec_prefix}/bin'
build_alias=''
datadir='${datarootdir}'
datarootdir='${prefix}/share'
docdir='${datarootdir}/doc/${PACKAGE}'
dvidir='${docdir}'
exec_prefix='${prefix}'
host_alias=''
htmldir='${docdir}'
includedir='${prefix}/include'
infodir='${datarootdir}/info'
install_sh='${SHELL} /opt/code/c/ip-scanner-0.0.1/install-sh'
libdir='${exec_prefix}/lib'
libexecdir='${exec_prefix}/libexec'
localedir='${datarootdir}/locale'
localstatedir='${prefix}/var'
mandir='${datarootdir}/man'
mkdir_p='/bin/mkdir -p'
oldincludedir='/usr/include'
pdfdir='${docdir}'
prefix='/usr'
program_transform_name='s,x,x,'
psdir='${docdir}'
sbindir='${exec_prefix}/sbin'
sharedstatedir='${prefix}/com'
sysconfdir='${prefix}/etc'
target_alias=''

## ----------- ##
## confdefs.h. ##
## ----------- ##

/* confdefs.h */
#define PACKAGE_NAME ""
#define PACKAGE_TARNAME ""
#define PACKAGE_VERSION ""
#define PACKAGE_STRING ""
#define PACKAGE_BUGREPORT ""
#define PACKAGE_URL ""
#define PACKAGE "ipscan"
#define VERSION "0.0.1"
#define MAJOR_VERSION 0
#define MINOR_VERSION 0
#define MICRO_VERSION 1
#define REL 1
#define VERSION_FULL "0.0.1-1"
#define HOST_OS ""
#define CPU_VENDOR_OS ""
#define HAVE_CLOSE 1
#define HAVE_CLOSEDIR 1
#define HAVE_FOPEN 1
#define HAVE_FORK 1
#define HAVE_FREAD 1
#define HAVE_FWRITE 1
#define HAVE_GETGRNAM 1
#define HAVE_GETHOSTBYNAME 1
#define HAVE_GETPROTOBYNAME 1
#define HAVE_INET_PTON 1
#define HAVE_MALLOC 1
#define HAVE_MEMSET 1
#define HAVE_OPENDIR 1
#define HAVE_POPEN 1
#define HAVE_READ 1
#define HAVE_REALLOC 1
#define HAVE_RECV 1
#define HAVE_REGCOMP 1
#define HAVE_REGFREE 1
#define HAVE_SNPRINTF 1
#define HAVE_SOCKET 1
#define HAVE_SPRINTF 1
#define HAVE_STRCAT 1
#define HAVE_STRCMP 1
#define HAVE_STRCPY 1
#define HAVE_STRFTIME 1
#define HAVE_STRNCAT 1
#define HAVE_STRNCPY 1
#define HAVE_STRRCHR 1
#define HAVE_STRSTR 1
#define HAVE_SYSTEM 1
#define HAVE_TIME 1
#define HAVE_WAITPID 1
#define HAVE_BZERO 1
#define HAVE_GETCWD 1
#define HAVE_GETHOSTNAME 1
#define HAVE_INET_NTOA 1
#define STDC_HEADERS 1
#define HAVE_SYS_WAIT_H 1
#define TIME_WITH_SYS_TIME 1
#define HAVE_SYS_TYPES_H 1
#define HAVE_SYS_STAT_H 1
#define HAVE_STDLIB_H 1
#define HAVE_STRING_H 1
#define HAVE_MEMORY_H 1
#define HAVE_STRINGS_H 1
#define HAVE_INTTYPES_H 1
#define HAVE_STDINT_H 1
#define HAVE_UNISTD_H 1
#define HAVE_FORK 1
#define HAVE_VFORK 1
#define HAVE_WORKING_VFORK 1
#define HAVE_WORKING_FORK 1
#define HAVE_STDLIB_H 1
#define HAVE_MALLOC 1
#define HAVE_STDLIB_H 1
#define HAVE_REALLOC 1
#define HAVE_SYS_TYPES_H 1
#define HAVE_NETINET_IN_H 1
#define HAVE_ARPA_NAMESER_H 1
#define HAVE_NETDB_H 1
#define HAVE_RESOLV_H 1
#define HAVE_ARPA_INET_H 1
#define HAVE_FCNTL_H 1
#define HAVE_NETDB_H 1
#define HAVE_NETINET_IN_H 1
#define HAVE_SYS_SOCKET_H 1
#define HAVE_ARPA_NAMESER_H 1
#define HAVE_NETINET_IN_H 1
#define HAVE_MALLOC_H 1

configure: exit 0

## ---------------------- ##
## Running config.status. ##
## ---------------------- ##

This file was extended by config.status, which was
generated by GNU Autoconf 2.69.  Invocation command line was

  CONFIG_FILES    = 
  CONFIG_HEADERS  = 
  CONFIG_LINKS    = 
  CONFIG_COMMANDS = 
  $ ./config.status 

on centos6

config.status:926: creating Makefile
config.status:926: creating config.h
config.status:1107: config.h is unchanged
config.status:1155: executing depfiles commands

## ---------------------- ##
## Running config.status. ##
## ---------------------- ##

This file was extended by config.status, which was
generated by GNU Autoconf 2.69.  Invocation command line was

  CONFIG_FILES    = 
  CONFIG_HEADERS  = 
  CONFIG_LINKS    = 
  CONFIG_COMMANDS = 
  $ ./config.status config.h

on centos6

config.status:926: creating config.h
config.status:1107: config.h is unchanged
